<resources><jsonData id="testData">{"Message":"Custom debug!","Reinitialize": true,"Properties": {"tone":4, "weather": true,"activity": 1,"location": [50.1,14.4],"calendar_ids": ["simply@myneur.eu","join@myneur.eu"]},"AfterLayoutCharProperties":{"lastLoad": "c"}}</jsonData></resources>
